<?xml version="1.0" encoding="UTF-8"?>
<!-- Generated by org.testng.reporters.JUnitReportReporter -->
<testsuite hostname="2302B-CHINO-MBP.local" failures="0" tests="15" name="rahulShettyAcademyDataDriven.excelDataProvider.DataDriven_CreateVolunteer" time="1909.479" errors="0" timestamp="2023-10-11T15:18:24 SGT" skipped="0">
  <testcase classname="rahulShettyAcademyDataDriven.excelDataProvider.DataDriven_CreateVolunteer" name="testCaseData" time="128.975"/>
  <system-out/>
  <testcase classname="rahulShettyAcademyDataDriven.excelDataProvider.DataDriven_CreateVolunteer" name="testCaseData" time="167.830"/>
  <system-out/>
  <testcase classname="rahulShettyAcademyDataDriven.excelDataProvider.DataDriven_CreateVolunteer" name="testCaseData" time="121.718"/>
  <system-out/>
  <testcase classname="rahulShettyAcademyDataDriven.excelDataProvider.DataDriven_CreateVolunteer" name="testCaseData" time="122.769"/>
  <system-out/>
  <testcase classname="rahulShettyAcademyDataDriven.excelDataProvider.DataDriven_CreateVolunteer" name="testCaseData" time="121.587"/>
  <system-out/>
  <testcase classname="rahulShettyAcademyDataDriven.excelDataProvider.DataDriven_CreateVolunteer" name="testCaseData" time="121.730"/>
  <system-out/>
  <testcase classname="rahulShettyAcademyDataDriven.excelDataProvider.DataDriven_CreateVolunteer" name="testCaseData" time="124.136"/>
  <system-out/>
  <testcase classname="rahulShettyAcademyDataDriven.excelDataProvider.DataDriven_CreateVolunteer" name="testCaseData" time="121.552"/>
  <system-out/>
  <testcase classname="rahulShettyAcademyDataDriven.excelDataProvider.DataDriven_CreateVolunteer" name="testCaseData" time="123.028"/>
  <system-out/>
  <testcase classname="rahulShettyAcademyDataDriven.excelDataProvider.DataDriven_CreateVolunteer" name="testCaseData" time="132.992"/>
  <system-out/>
  <testcase classname="rahulShettyAcademyDataDriven.excelDataProvider.DataDriven_CreateVolunteer" name="testCaseData" time="123.186"/>
  <system-out/>
  <testcase classname="rahulShettyAcademyDataDriven.excelDataProvider.DataDriven_CreateVolunteer" name="testCaseData" time="125.908"/>
  <system-out/>
  <testcase classname="rahulShettyAcademyDataDriven.excelDataProvider.DataDriven_CreateVolunteer" name="testCaseData" time="122.122"/>
  <system-out/>
  <testcase classname="rahulShettyAcademyDataDriven.excelDataProvider.DataDriven_CreateVolunteer" name="testCaseData" time="124.406"/>
  <system-out/>
  <testcase classname="rahulShettyAcademyDataDriven.excelDataProvider.DataDriven_CreateVolunteer" name="testCaseData" time="127.540"/>
  <system-out/>
</testsuite> <!-- rahulShettyAcademyDataDriven.excelDataProvider.DataDriven_CreateVolunteer -->
