<?xml version="1.0" encoding="UTF-8"?>
<!-- Generated by org.testng.reporters.JUnitReportReporter -->
<testsuite hostname="2302B-CHINO-MBP.local" failures="0" tests="5" name="rahulShettyAcademyDataDriven.excelDataProvider.DataDriven_CreateVolunteer" time="742.834" errors="0" timestamp="2024-03-01T16:03:19 SGT" skipped="0">
  <testcase classname="rahulShettyAcademyDataDriven.excelDataProvider.DataDriven_CreateVolunteer" name="testCaseData" time="146.924"/>
  <system-out/>
  <testcase classname="rahulShettyAcademyDataDriven.excelDataProvider.DataDriven_CreateVolunteer" name="testCaseData" time="149.508"/>
  <system-out/>
  <testcase classname="rahulShettyAcademyDataDriven.excelDataProvider.DataDriven_CreateVolunteer" name="testCaseData" time="153.688"/>
  <system-out/>
  <testcase classname="rahulShettyAcademyDataDriven.excelDataProvider.DataDriven_CreateVolunteer" name="testCaseData" time="146.307"/>
  <system-out/>
  <testcase classname="rahulShettyAcademyDataDriven.excelDataProvider.DataDriven_CreateVolunteer" name="testCaseData" time="146.407"/>
  <system-out/>
</testsuite> <!-- rahulShettyAcademyDataDriven.excelDataProvider.DataDriven_CreateVolunteer -->
